<testsuite name="nvsentinel-phase0" tests="1" failures="1">
  <testcase classname="phase0" name="P0.4 janitor action path" time="2.1">
    <failure message="reboot=FAIL gpureset=FAIL; reboot create: Internal error occurred: failed calling webhook &quot;vrebootnode-v1alpha1.kb.io&quot;: failed to call webhook: Post &quot;https://dgxc-janitor-webhook-service.dgxc-janitor-system.svc:443/validate-janitor-dgxc-nvidia-com-v1alpha1-rebootnode?timeout=10s&quot;: no endpoints available for service &quot;dgxc-janitor-webhook-service&quot;; gpureset create: Internal error occurred: failed calling webhook &quot;vgpureset-v1alpha1.kb.io&quot;: failed to call webhook: Post &quot;https://dgxc-janitor-webhook-service.dgxc-janitor-system.svc:443/validate-janitor-dgxc-nvidia-com-v1alpha1-gpureset?timeout=10s&quot;: no endpoints available for service &quot;dgxc-janitor-webhook-service&quot;"></failure>
  </testcase>
</testsuite>
